2019-12-14 16:40:16,569 INFO org.springframework.boot.StartupInfoLogger [main] Starting MyFirstBlogServerApplication on DESKTOP-C9QUQSB with PID 8552 (C:\Users\mohan\Documents\workspace-spring-tool-suite-4-4.0.1.RELEASE\my-first-blog\my-first-blog-server\target\classes started by mohan in C:\Users\mohan\Documents\workspace-spring-tool-suite-4-4.0.1.RELEASE\my-first-blog\my-first-blog-server)
2019-12-14 16:40:16,572 DEBUG org.springframework.boot.StartupInfoLogger [main] Running with Spring Boot v2.2.1.RELEASE, Spring v5.2.1.RELEASE
2019-12-14 16:40:16,572 INFO org.springframework.boot.SpringApplication [main] No active profile set, falling back to default profiles: default
2019-12-14 16:40:17,338 INFO org.springframework.data.repository.config.RepositoryConfigurationDelegate [main] Bootstrapping Spring Data repositories in DEFAULT mode.
2019-12-14 16:40:17,387 INFO org.springframework.data.repository.config.RepositoryConfigurationDelegate [main] Finished Spring Data repository scanning in 39ms. Found 1 repository interfaces.
2019-12-14 16:40:17,632 INFO org.springframework.context.support.PostProcessorRegistrationDelegate$BeanPostProcessorChecker [main] Bean 'org.springframework.ws.config.annotation.DelegatingWsConfiguration' of type [org.springframework.ws.config.annotation.DelegatingWsConfiguration$$EnhancerBySpringCGLIB$$48228c34] is not eligible for getting processed by all BeanPostProcessors (for example: not eligible for auto-proxying)
2019-12-14 16:40:17,655 INFO org.springframework.ws.soap.addressing.server.AbstractAddressingEndpointMapping [main] Supporting [WS-Addressing August 2004, WS-Addressing 1.0]
2019-12-14 16:40:17,667 INFO org.springframework.context.support.PostProcessorRegistrationDelegate$BeanPostProcessorChecker [main] Bean 'org.springframework.transaction.annotation.ProxyTransactionManagementConfiguration' of type [org.springframework.transaction.annotation.ProxyTransactionManagementConfiguration] is not eligible for getting processed by all BeanPostProcessors (for example: not eligible for auto-proxying)
2019-12-14 16:40:17,839 INFO org.springframework.boot.web.embedded.tomcat.TomcatWebServer [main] Tomcat initialized with port(s): 8080 (http)
2019-12-14 16:40:17,844 INFO org.apache.juli.logging.DirectJDKLog [main] Initializing ProtocolHandler ["http-nio-8080"]
2019-12-14 16:40:17,845 INFO org.apache.juli.logging.DirectJDKLog [main] Starting service [Tomcat]
2019-12-14 16:40:17,845 INFO org.apache.juli.logging.DirectJDKLog [main] Starting Servlet engine: [Apache Tomcat/9.0.27]
2019-12-14 16:40:17,911 INFO org.apache.juli.logging.DirectJDKLog [main] Initializing Spring embedded WebApplicationContext
2019-12-14 16:40:17,911 INFO org.springframework.boot.web.servlet.context.ServletWebServerApplicationContext [main] Root WebApplicationContext: initialization completed in 1311 ms
2019-12-14 16:40:18,001 INFO com.zaxxer.hikari.HikariDataSource [main] HikariPool-1 - Starting...
2019-12-14 16:40:18,138 INFO com.zaxxer.hikari.HikariDataSource [main] HikariPool-1 - Start completed.
2019-12-14 16:40:18,143 INFO org.springframework.boot.autoconfigure.h2.H2ConsoleAutoConfiguration [main] H2 console available at '/h2-console'. Database available at 'jdbc:h2:file:./data/tables'
2019-12-14 16:40:18,299 INFO org.hibernate.jpa.internal.util.LogHelper [main] HHH000204: Processing PersistenceUnitInfo [name: default]
2019-12-14 16:40:18,356 INFO org.hibernate.Version [main] HHH000412: Hibernate Core {5.4.8.Final}
2019-12-14 16:40:18,458 INFO org.hibernate.annotations.common.reflection.java.JavaReflectionManager [main] HCANN000001: Hibernate Commons Annotations {5.1.0.Final}
2019-12-14 16:40:18,545 INFO org.hibernate.dialect.Dialect [main] HHH000400: Using dialect: org.hibernate.dialect.H2Dialect
2019-12-14 16:40:19,038 INFO org.hibernate.engine.transaction.jta.platform.internal.JtaPlatformInitiator [main] HHH000490: Using JtaPlatform implementation: [org.hibernate.engine.transaction.jta.platform.internal.NoJtaPlatform]
2019-12-14 16:40:19,044 INFO org.springframework.orm.jpa.AbstractEntityManagerFactoryBean [main] Initialized JPA EntityManagerFactory for persistence unit 'default'
2019-12-14 16:40:19,288 WARN org.springframework.boot.autoconfigure.orm.jpa.JpaBaseConfiguration$JpaWebConfiguration [main] spring.jpa.open-in-view is enabled by default. Therefore, database queries may be performed during view rendering. Explicitly configure spring.jpa.open-in-view to disable this warning
2019-12-14 16:40:19,481 INFO org.springframework.boot.actuate.endpoint.web.EndpointLinksResolver [main] Exposing 2 endpoint(s) beneath base path '/actuator'
2019-12-14 16:40:19,629 INFO org.springframework.boot.autoconfigure.security.servlet.UserDetailsServiceAutoConfiguration [main] 

Using generated security password: 13d01349-946e-48d1-9bc9-7606569501b9

2019-12-14 16:40:19,683 INFO org.springframework.security.web.DefaultSecurityFilterChain [main] Creating filter chain: any request, [org.springframework.security.web.context.request.async.WebAsyncManagerIntegrationFilter@7298c2d9, org.springframework.security.web.context.SecurityContextPersistenceFilter@3a00237d, org.springframework.security.web.header.HeaderWriterFilter@2f8ab988, org.springframework.web.filter.CorsFilter@377cbdae, org.springframework.security.web.authentication.logout.LogoutFilter@556ae220, org.springframework.security.web.savedrequest.RequestCacheAwareFilter@341df373, org.springframework.security.web.servletapi.SecurityContextHolderAwareRequestFilter@5c552f08, org.springframework.security.web.authentication.AnonymousAuthenticationFilter@37a939bc, org.springframework.security.web.session.SessionManagementFilter@6a7ab205, org.springframework.security.web.access.ExceptionTranslationFilter@60251ddb]
2019-12-14 16:40:19,832 INFO springfox.documentation.spring.web.plugins.DocumentationPluginsBootstrapper [main] Context refreshed
2019-12-14 16:40:19,845 INFO springfox.documentation.spring.web.plugins.DocumentationPluginsBootstrapper [main] Found 1 custom documentation plugin(s)
2019-12-14 16:40:19,983 INFO springfox.documentation.spring.web.scanners.ApiListingReferenceScanner [main] Scanning for api listing references
2019-12-14 16:40:20,092 INFO springfox.documentation.spring.web.readers.operation.CachingOperationNameGenerator [main] Generating unique operation named: loadMainPageUsingGET_1
2019-12-14 16:40:20,124 INFO org.apache.juli.logging.DirectJDKLog [main] Starting ProtocolHandler ["http-nio-8080"]
2019-12-14 16:40:20,141 INFO org.springframework.boot.web.embedded.tomcat.TomcatWebServer [main] Tomcat started on port(s): 8080 (http) with context path ''
2019-12-14 16:40:20,143 INFO org.springframework.boot.StartupInfoLogger [main] Started MyFirstBlogServerApplication in 3.783 seconds (JVM running for 4.623)
2019-12-14 16:41:03,043 INFO org.apache.juli.logging.DirectJDKLog [http-nio-8080-exec-2] Initializing Spring DispatcherServlet 'dispatcherServlet'
2019-12-14 16:41:03,044 INFO org.springframework.web.servlet.FrameworkServlet [http-nio-8080-exec-2] Initializing Servlet 'dispatcherServlet'
2019-12-14 16:41:03,048 INFO org.springframework.web.servlet.FrameworkServlet [http-nio-8080-exec-2] Completed initialization in 4 ms
2019-12-14 16:41:37,831 INFO org.springframework.boot.admin.SpringApplicationAdminMXBeanRegistrar$SpringApplicationAdmin [RMI TCP Connection(2)-127.0.0.1] Application shutdown requested.
2019-12-14 16:41:37,835 INFO org.springframework.orm.jpa.AbstractEntityManagerFactoryBean [RMI TCP Connection(2)-127.0.0.1] Closing JPA EntityManagerFactory for persistence unit 'default'
2019-12-14 16:41:37,835 INFO org.hibernate.tool.schema.internal.SchemaDropperImpl$DelayedDropActionImpl [RMI TCP Connection(2)-127.0.0.1] HHH000477: Starting delayed evictData of schema as part of SessionFactory shut-down'
2019-12-14 16:41:37,840 INFO com.zaxxer.hikari.HikariDataSource [RMI TCP Connection(2)-127.0.0.1] HikariPool-1 - Shutdown initiated...
2019-12-14 16:41:37,853 INFO com.zaxxer.hikari.HikariDataSource [RMI TCP Connection(2)-127.0.0.1] HikariPool-1 - Shutdown completed.
2019-12-14 16:41:41,560 INFO org.springframework.boot.StartupInfoLogger [main] Starting MyFirstBlogServerApplication on DESKTOP-C9QUQSB with PID 18560 (C:\Users\mohan\Documents\workspace-spring-tool-suite-4-4.0.1.RELEASE\my-first-blog\my-first-blog-server\target\classes started by mohan in C:\Users\mohan\Documents\workspace-spring-tool-suite-4-4.0.1.RELEASE\my-first-blog\my-first-blog-server)
2019-12-14 16:41:41,563 DEBUG org.springframework.boot.StartupInfoLogger [main] Running with Spring Boot v2.2.1.RELEASE, Spring v5.2.1.RELEASE
2019-12-14 16:41:41,563 INFO org.springframework.boot.SpringApplication [main] No active profile set, falling back to default profiles: default
2019-12-14 16:41:42,327 INFO org.springframework.data.repository.config.RepositoryConfigurationDelegate [main] Bootstrapping Spring Data repositories in DEFAULT mode.
2019-12-14 16:41:42,374 INFO org.springframework.data.repository.config.RepositoryConfigurationDelegate [main] Finished Spring Data repository scanning in 39ms. Found 1 repository interfaces.
2019-12-14 16:41:42,615 INFO org.springframework.context.support.PostProcessorRegistrationDelegate$BeanPostProcessorChecker [main] Bean 'org.springframework.ws.config.annotation.DelegatingWsConfiguration' of type [org.springframework.ws.config.annotation.DelegatingWsConfiguration$$EnhancerBySpringCGLIB$$df456c2] is not eligible for getting processed by all BeanPostProcessors (for example: not eligible for auto-proxying)
2019-12-14 16:41:42,638 INFO org.springframework.ws.soap.addressing.server.AbstractAddressingEndpointMapping [main] Supporting [WS-Addressing August 2004, WS-Addressing 1.0]
2019-12-14 16:41:42,650 INFO org.springframework.context.support.PostProcessorRegistrationDelegate$BeanPostProcessorChecker [main] Bean 'org.springframework.transaction.annotation.ProxyTransactionManagementConfiguration' of type [org.springframework.transaction.annotation.ProxyTransactionManagementConfiguration] is not eligible for getting processed by all BeanPostProcessors (for example: not eligible for auto-proxying)
2019-12-14 16:41:42,815 INFO org.springframework.boot.web.embedded.tomcat.TomcatWebServer [main] Tomcat initialized with port(s): 8080 (http)
2019-12-14 16:41:42,821 INFO org.apache.juli.logging.DirectJDKLog [main] Initializing ProtocolHandler ["http-nio-8080"]
2019-12-14 16:41:42,822 INFO org.apache.juli.logging.DirectJDKLog [main] Starting service [Tomcat]
2019-12-14 16:41:42,822 INFO org.apache.juli.logging.DirectJDKLog [main] Starting Servlet engine: [Apache Tomcat/9.0.27]
2019-12-14 16:41:42,890 INFO org.apache.juli.logging.DirectJDKLog [main] Initializing Spring embedded WebApplicationContext
2019-12-14 16:41:42,890 INFO org.springframework.boot.web.servlet.context.ServletWebServerApplicationContext [main] Root WebApplicationContext: initialization completed in 1297 ms
2019-12-14 16:41:42,980 INFO com.zaxxer.hikari.HikariDataSource [main] HikariPool-1 - Starting...
2019-12-14 16:41:43,110 INFO com.zaxxer.hikari.HikariDataSource [main] HikariPool-1 - Start completed.
2019-12-14 16:41:43,115 INFO org.springframework.boot.autoconfigure.h2.H2ConsoleAutoConfiguration [main] H2 console available at '/h2-console'. Database available at 'jdbc:h2:file:./data/tables'
2019-12-14 16:41:43,271 INFO org.hibernate.jpa.internal.util.LogHelper [main] HHH000204: Processing PersistenceUnitInfo [name: default]
2019-12-14 16:41:43,328 INFO org.hibernate.Version [main] HHH000412: Hibernate Core {5.4.8.Final}
2019-12-14 16:41:43,431 INFO org.hibernate.annotations.common.reflection.java.JavaReflectionManager [main] HCANN000001: Hibernate Commons Annotations {5.1.0.Final}
2019-12-14 16:41:43,519 INFO org.hibernate.dialect.Dialect [main] HHH000400: Using dialect: org.hibernate.dialect.H2Dialect
2019-12-14 16:41:44,009 INFO org.hibernate.engine.transaction.jta.platform.internal.JtaPlatformInitiator [main] HHH000490: Using JtaPlatform implementation: [org.hibernate.engine.transaction.jta.platform.internal.NoJtaPlatform]
2019-12-14 16:41:44,015 INFO org.springframework.orm.jpa.AbstractEntityManagerFactoryBean [main] Initialized JPA EntityManagerFactory for persistence unit 'default'
2019-12-14 16:41:44,281 WARN org.springframework.boot.autoconfigure.orm.jpa.JpaBaseConfiguration$JpaWebConfiguration [main] spring.jpa.open-in-view is enabled by default. Therefore, database queries may be performed during view rendering. Explicitly configure spring.jpa.open-in-view to disable this warning
2019-12-14 16:41:44,484 INFO org.springframework.boot.actuate.endpoint.web.EndpointLinksResolver [main] Exposing 2 endpoint(s) beneath base path '/actuator'
2019-12-14 16:41:44,632 INFO org.springframework.boot.autoconfigure.security.servlet.UserDetailsServiceAutoConfiguration [main] 

Using generated security password: 9c2c8f64-e289-4baa-95cb-4dccb01eed30

2019-12-14 16:41:44,685 INFO org.springframework.security.web.DefaultSecurityFilterChain [main] Creating filter chain: any request, [org.springframework.security.web.context.request.async.WebAsyncManagerIntegrationFilter@3220833f, org.springframework.security.web.context.SecurityContextPersistenceFilter@6eae3730, org.springframework.security.web.header.HeaderWriterFilter@45e9db77, org.springframework.web.filter.CorsFilter@2e5c245d, org.springframework.security.web.authentication.logout.LogoutFilter@5e25085, org.springframework.security.web.savedrequest.RequestCacheAwareFilter@3b3a3a92, org.springframework.security.web.servletapi.SecurityContextHolderAwareRequestFilter@3f267e1b, org.springframework.security.web.authentication.AnonymousAuthenticationFilter@3c862522, org.springframework.security.web.session.SessionManagementFilter@55c581e4, org.springframework.security.web.access.ExceptionTranslationFilter@64cec4d0]
2019-12-14 16:41:44,841 INFO springfox.documentation.spring.web.plugins.DocumentationPluginsBootstrapper [main] Context refreshed
2019-12-14 16:41:44,852 INFO springfox.documentation.spring.web.plugins.DocumentationPluginsBootstrapper [main] Found 1 custom documentation plugin(s)
2019-12-14 16:41:44,996 INFO springfox.documentation.spring.web.scanners.ApiListingReferenceScanner [main] Scanning for api listing references
2019-12-14 16:41:45,103 INFO springfox.documentation.spring.web.readers.operation.CachingOperationNameGenerator [main] Generating unique operation named: loadMainPageUsingGET_1
2019-12-14 16:41:45,135 INFO org.apache.juli.logging.DirectJDKLog [main] Starting ProtocolHandler ["http-nio-8080"]
2019-12-14 16:41:45,151 INFO org.springframework.boot.web.embedded.tomcat.TomcatWebServer [main] Tomcat started on port(s): 8080 (http) with context path ''
2019-12-14 16:41:45,153 INFO org.springframework.boot.StartupInfoLogger [main] Started MyFirstBlogServerApplication in 3.799 seconds (JVM running for 4.615)
2019-12-14 16:41:50,505 INFO org.apache.juli.logging.DirectJDKLog [http-nio-8080-exec-1] Initializing Spring DispatcherServlet 'dispatcherServlet'
2019-12-14 16:41:50,505 INFO org.springframework.web.servlet.FrameworkServlet [http-nio-8080-exec-1] Initializing Servlet 'dispatcherServlet'
2019-12-14 16:41:50,510 INFO org.springframework.web.servlet.FrameworkServlet [http-nio-8080-exec-1] Completed initialization in 5 ms
2019-12-14 16:41:50,875 INFO net.codersadda.myblog.controller.HomeController [http-nio-8080-exec-6] starting Header details call: 1576359710870
